<?xml version="1.0" encoding="UTF-8"?>
<!-- Generated by org.testng.reporters.JUnitReportReporter -->
<testsuite hostname="AymanHussein" failures="0" tests="1" name="rivision.Rivision_2" time="13.170" errors="0" timestamp="2024-10-06T19:58:03 CDT" skipped="0">
  <testcase classname="rivision.Rivision_2" name="WindowHandel" time="13.170"/>
</testsuite> <!-- rivision.Rivision_2 -->
