<?xml version="1.0" encoding="UTF-8"?>
<!-- Generated by org.testng.reporters.JUnitReportReporter -->
<testsuite hostname="AymanHussein" failures="0" tests="6" name="rivision.Rivision_1" time="140.991" errors="0" timestamp="2024-10-06T18:59:26 CDT" skipped="0">
  <testcase classname="rivision.Rivision_1" name="popup" time="10.742"/>
  <testcase classname="rivision.Rivision_1" name="popup1" time="9.735"/>
  <testcase classname="rivision.Rivision_1" name="Assertion" time="17.952"/>
  <testcase classname="rivision.Rivision_1" name="DropDown" time="55.167"/>
  <testcase classname="rivision.Rivision_1" name="iFrame" time="22.712"/>
  <testcase classname="rivision.Rivision_1" name="MouseHoverANDkeyboardEventAndscroll" time="24.683"/>
</testsuite> <!-- rivision.Rivision_1 -->
